<?xml version="1.0" encoding="UTF-8"?>
<testng-results ignored="0" total="1" passed="1" failed="0" skipped="0">
  <reporter-output>
  </reporter-output>
  <suite started-at="2025-03-07T13:07:26 IST" name="Default suite" finished-at="2025-03-07T13:07:45 IST" duration-ms="18572">
    <groups>
    </groups>
    <test started-at="2025-03-07T13:07:26 IST" name="Default test" finished-at="2025-03-07T13:07:45 IST" duration-ms="18572">
      <class name="com.loginpage.PimConfigration">
        <test-method is-config="true" signature="setUp()[pri:0, instance:com.loginpage.PimConfigration@a38c7fe]" started-at="2025-03-07T13:07:26 IST" name="setUp" finished-at="2025-03-07T13:07:32 IST" duration-ms="5296" status="PASS">
          <reporter-output>
          </reporter-output>
        </test-method> <!-- setUp -->
        <test-method signature="verifyDataImportAddSuccessfully()[pri:0, instance:com.loginpage.PimConfigration@a38c7fe]" started-at="2025-03-07T13:07:32 IST" name="verifyDataImportAddSuccessfully" finished-at="2025-03-07T13:07:45 IST" duration-ms="13191" status="PASS">
          <reporter-output>
          </reporter-output>
        </test-method> <!-- verifyDataImportAddSuccessfully -->
      </class> <!-- com.loginpage.PimConfigration -->
    </test> <!-- Default test -->
  </suite> <!-- Default suite -->
</testng-results>
